<?xml version="1.0" encoding="UTF-8"?>
<robot generator="Robot 5.0.1 (Python 3.10.7 on win32)" generated="20230624 11:47:41.954" rpa="false" schemaversion="3">
<suite id="s1" name="Login Test" source="C:\Users\ACER\Desktop\e2e-robotframework\TestCase\login_test.robot">
<test id="s1-t1" name="Case 1 : Login to Website Saucedemo" line="10">
<kw name="Open Web Saucedemo" library="Resources" type="SETUP">
<kw name="Open Browser" library="SeleniumLibrary">
<arg>${BASE_URL}</arg>
<arg>${BROWSER}</arg>
<doc>Opens a new browser instance to the optional ``url``.</doc>
<msg timestamp="20230624 11:47:42.124" level="INFO">Opening browser 'Chrome' to base url 'https://www.saucedemo.com/'.</msg>
<status status="PASS" starttime="20230624 11:47:42.124" endtime="20230624 11:47:44.912"/>
</kw>
<kw name="Set Selenium Speed" library="SeleniumLibrary">
<arg>1s</arg>
<doc>Sets the delay that is waited after each Selenium command.</doc>
<status status="PASS" starttime="20230624 11:47:44.912" endtime="20230624 11:47:44.912"/>
</kw>
<kw name="Maximize Browser Window" library="SeleniumLibrary">
<doc>Maximizes current browser window.</doc>
<status status="PASS" starttime="20230624 11:47:44.912" endtime="20230624 11:47:46.032"/>
</kw>
<status status="PASS" starttime="20230624 11:47:42.124" endtime="20230624 11:47:46.032"/>
</kw>
<kw name="Given User In Homepage Saucedemo" library="login_step">
<kw name="Wait Until Page Contains Element" library="SeleniumLibrary">
<arg>${FIELD_INPUT_USERNAME}</arg>
<arg>10s</arg>
<doc>Waits until the element ``locator`` appears on the current page.</doc>
<status status="PASS" starttime="20230624 11:47:46.032" endtime="20230624 11:47:47.059"/>
</kw>
<status status="PASS" starttime="20230624 11:47:46.032" endtime="20230624 11:47:47.059"/>
</kw>
<kw name="And User Input Username" library="login_step">
<kw name="Wait Until Element Is Visible" library="SeleniumLibrary">
<arg>${FIELD_INPUT_USERNAME}</arg>
<arg>10s</arg>
<doc>Waits until the element ``locator`` is visible.</doc>
<status status="PASS" starttime="20230624 11:47:47.059" endtime="20230624 11:47:49.092"/>
</kw>
<kw name="Input Text" library="SeleniumLibrary">
<arg>${FIELD_INPUT_USERNAME}</arg>
<arg>${USERNAME}</arg>
<doc>Types the given ``text`` into the text field identified by ``locator``.</doc>
<msg timestamp="20230624 11:47:49.092" level="INFO">Typing text 'standard_user' into text field 'xpath=//input[@id='user-name']'.</msg>
<status status="PASS" starttime="20230624 11:47:49.092" endtime="20230624 11:47:52.205"/>
</kw>
<status status="PASS" starttime="20230624 11:47:47.059" endtime="20230624 11:47:52.205"/>
</kw>
<kw name="And User Input Password" library="login_step">
<kw name="Wait Until Element Is Visible" library="SeleniumLibrary">
<arg>${FIELD_INPUT_PASSWORD}</arg>
<arg>10s</arg>
<doc>Waits until the element ``locator`` is visible.</doc>
<status status="PASS" starttime="20230624 11:47:52.205" endtime="20230624 11:47:54.235"/>
</kw>
<kw name="Input Password" library="SeleniumLibrary">
<arg>${FIELD_INPUT_PASSWORD}</arg>
<arg>${PASSWORD}</arg>
<doc>Types the given password into the text field identified by ``locator``.</doc>
<msg timestamp="20230624 11:47:54.235" level="INFO">Typing password into text field 'xpath=//input[@id='password']'.</msg>
<msg timestamp="20230624 11:47:56.290" level="INFO">Temporally setting log level to: NONE</msg>
<msg timestamp="20230624 11:47:57.350" level="INFO">Log level changed from NONE to INFO.</msg>
<status status="PASS" starttime="20230624 11:47:54.235" endtime="20230624 11:47:57.350"/>
</kw>
<status status="PASS" starttime="20230624 11:47:52.205" endtime="20230624 11:47:57.350"/>
</kw>
<kw name="And User Click Login" library="login_step">
<kw name="Wait Until Element Is Visible" library="SeleniumLibrary">
<arg>${BUTTON_LOGIN}</arg>
<arg>10s</arg>
<doc>Waits until the element ``locator`` is visible.</doc>
<status status="PASS" starttime="20230624 11:47:57.350" endtime="20230624 11:47:59.393"/>
</kw>
<kw name="Click Button" library="SeleniumLibrary">
<arg>${BUTTON_LOGIN}</arg>
<doc>Clicks the button identified by ``locator``.</doc>
<msg timestamp="20230624 11:47:59.393" level="INFO">Clicking button 'xpath=//input[@id='login-button']'.</msg>
<status status="PASS" starttime="20230624 11:47:59.393" endtime="20230624 11:48:02.504"/>
</kw>
<status status="PASS" starttime="20230624 11:47:57.350" endtime="20230624 11:48:02.504"/>
</kw>
<kw name="Then User Redirected to Dashboard Page" library="login_step">
<kw name="Wait Until Page Contains Element" library="SeleniumLibrary">
<arg>${DASHBOARD_PAGE}</arg>
<arg>10s</arg>
<doc>Waits until the element ``locator`` appears on the current page.</doc>
<status status="PASS" starttime="20230624 11:48:02.505" endtime="20230624 11:48:03.522"/>
</kw>
<status status="PASS" starttime="20230624 11:48:02.505" endtime="20230624 11:48:03.522"/>
</kw>
<kw name="Close Browser" library="SeleniumLibrary" type="TEARDOWN">
<doc>Closes the current browser.</doc>
<status status="PASS" starttime="20230624 11:48:03.522" endtime="20230624 11:48:06.599"/>
</kw>
<status status="PASS" starttime="20230624 11:47:42.124" endtime="20230624 11:48:06.599"/>
</test>
<status status="PASS" starttime="20230624 11:47:41.954" endtime="20230624 11:48:06.599"/>
</suite>
<statistics>
<total>
<stat pass="1" fail="0" skip="0">All Tests</stat>
</total>
<tag>
</tag>
<suite>
<stat pass="1" fail="0" skip="0" id="s1" name="Login Test">Login Test</stat>
</suite>
</statistics>
<errors>
</errors>
</robot>
